<?xml version="1.0" encoding="UTF-8"?>
<!-- Generated by org.testng.reporters.JUnitReportReporter -->
<testsuite hostname="IN-PG0351TV" failures="0" tests="1" name="readData.ReadExcelSheet" time="1.606" errors="0" timestamp="2024-05-16T22:51:56 IST" skipped="0">
  <testcase classname="readData.ReadExcelSheet" name="dataReadTest" time="1.606"/>
</testsuite> <!-- readData.ReadExcelSheet -->
